Общие команды
>>about
Показывает информацию о боте, включая номер версии, некоторые функции и некоторую статистику.

>>invite
Предоставляет ссылку для приглашения Vortex. Если у вас возникли проблемы с приглашением Vortex, убедитесь, что вы правильно вошли в систему на https://discordapp.com/login.

>>ping
Проверяет задержку Vortex.

>>roleinfo <role>
Показывает информацию о роли.

>>serverinfo
Показывает информацию о сервере, на котором используется эта команда.

>>userinfo [user]
Показывает информацию о предоставленном пользователе или о себе, если вы не включаете никаких аргументов.

📜 Команды модерации
Эти команды могут быть запущены, если собственные разрешения в Discord позволяют использовать эту команду, или если они имеют назначенную роль мода (см. Команды настроек ниже).

>>kick <@users or user IDs...> [reason]
Удаляет всех предоставленных пользователей (или идентификаторов пользователей). Если причина указана, она используется в журнале аудита и журнале модерации.

>>ban <@users or user IDs...> [time] [reason]
Блокирует всех предоставленных пользователей (или идентификаторов пользователей). Если указан период времени, пользователи будут разблокированы по истечении указанного времени. Если причина указана, она используется в журнале аудита и журнале модерации.

>>softban <@users or user IDs...> [reason]
Банит, а затем сразу же разблокирует всех предоставленных пользователей. Это полезно, чтобы одновременно выгнать пользователя и удалить все его последние сообщения. Если причина указана, она используется в журнале аудита и журнале модерации.

>>silentban <@users or user IDs...> [time] [reason]
Идентично >>ban, но сообщения не будут удалены

>>unban <@users or user IDs...> [reason]
Разбаняет пользователей.

>>clean <parameters>
Удаляет все сообщения в текущем канале, соответствующие заданным параметрам. См. Раздел « Сообщения об очистке» для получения более подробной информации об этой команде.

>>voicekick <@users or user IDs...>
Создает временный голосовой канал, перемещает в него предоставленных пользователей, а затем удаляет канал, эффективно отключая их от голоса.

>>voicemove [channel]
Помещает Vortex в указанный голосовой канал (или в ваш текущий канал, если аргументы не указаны) и ожидает. Когда вы перетаскиваете Vortex на новый канал, он перетаскивает всех пользователей текущего канала на новый канал.

>>mute <@users or user IDs...> [time] [reason]
Предоставляет роль «Без звука» всем предоставленным пользователям. Если указано время, звук для пользователей будет включен по истечении указанного времени. Если причина указана, она используется в журнале аудита и журнале модерации.

>>unmute <@users or user IDs...> [reason]
Удаляет роль "Без звука" у всех предоставленных пользователей. Если причина указана, она используется в журнале аудита и журнале модерации.

>>raidmode [ON | OFF] [reason]
Включает или отключает режим Anti-Raid. Если аргументы не указаны, будет показано, активен ли в данный момент режим Anti-Raid. В режиме Anti-Raid проверка сервера будет увеличена (не выше Tableflip), и все пользователи, которые попытаются присоединиться к серверу, будут проинформированы о том, что сервер заблокирован, а затем будут исключены. См. Anti-Raid Mode для получения дополнительной информации.

>>strike [number] <@users or user IDs...> <reason>
Дает указанное количество предупреждений (или 1, если не указано иное) предоставленным пользователям. Каждый пользователь получит личное сообщение с предупреждением о накопленных забастовках и причине.

>>pardon [number] <@users or user IDs...> <reason>
Удаляет указанное количество предупреждений (или 1, если не указано) предоставленным пользователям. Каждый пользователь получит личное сообщение с информацией о помиловании и причине.

>>check <user>
Проверяет, сколько предупреждений получил пользователь, а также его текущий статус отключения звука и / или блокировки, если он доступен.

>>reason [case number] <reason>
Редактирует причину в журнале модерации. Если номер дела не указан, Vortex будет искать в журнале самый последний случай без указания причины.

>>slowmode [time | OFF] | [duration]
Включает или отключает медленный режим в текущем канале. Первая единица времени - это время между сообщениями для медленного режима, а продолжительность - это время, в течение которого медленный режим должен оставаться включенным. Ex >>slowmode 5sвключит 5-секундный медленный режим, тогда как включит >>slowmode 5s | 30m5-секундный медленный режим и выключит его через 30 минут.

📜 Команды настроек
Эти команды управляют различными настройками Vortex. Для использования этих команд необходимо разрешение «Управление сервером».

>>setup
Выполняет настройку сервера. См. Приступая к работе для получения дополнительной информации.

>>punishment <number> <action> [time]
Устанавливает наказание, которое будет применено при достижении определенного количества ударов. Допустимые действия: « Нет» , « Отключить» , « Кик» , « Мягкий запрет» и « Запрет» . Отключение звука и запрет также могут иметь связанные с ними значения времени. См. « Забастовки» для получения дополнительной информации.

>>messagelog <#channel or OFF>
Устанавливает канал, на котором будут регистрироваться изменения и удаления сообщений.

>>modlog <#channel or OFF>
Устанавливает канал, на котором будут регистрироваться действия модерации.

>>serverlog <#channel or OFF>
Устанавливает канал, на котором будет регистрироваться активность сервера (присоединение, уход, изменение имени).

>>voicelog <#channel or OFF>
Устанавливает канал, к которому голос присоединяется, уходит и изменения будут регистрироваться.

>>avatarlog <#channel or OFF>
Устанавливает канал, на котором регистрируются изменения аватара участников. Эта функция доступна только в Vortex Pro .

>>timezone <zone>
Устанавливает часовой пояс для временных меток журнала сервера, журнала сообщений и журнала мод. См. Раздел Часовой пояс журнала для получения дополнительной информации.

>>modrole <role>
Устанавливает роль модератора для сервера. Любой пользователь с этой ролью может выполнять команды модерации , даже если обычно у него нет необходимых разрешений.

>>prefix <prefix or NONE>
Устанавливает собственный префикс для сервера. Префикс по умолчанию ( >>) будет работать и не может быть удален.

>>settings
Показывает текущие настройки сервера.

📜 Команды Automod
Пожалуйста, посетите страницу автоматической модерации для более подробного описания этих функций. Для использования всех этих команд требуется разрешение на управление сервером.

>>antiinvite <strikes>
Устанавливает количество предупреждений, которые получает пользователь, когда публикует ссылку для приглашения в Discord.

>>anticopypasta <strikes>
Устанавливает количество предупреждений, которые получает пользователь, когда публикует копипасту.

>>antieveryone <strikes>
Устанавливает количество предупреждений, которые получает пользователь при попытке пинговать всех / здесь

>>antireferral <strikes>
Устанавливает количество предупреждений, полученных пользователем за размещение реферальных и других вредоносных ссылок.

>>maxmentions <number | OFF>
Устанавливает максимальное количество уникальных упоминаний, не связанных с ботами, которые пользователь может отправить в одном сообщении. Любое сообщение, содержащее больше максимального количества, будет удалено, и пользователи получат одно предупреждение за каждое дополнительное упоминание.

>>maxlines <number | OFF>
Устанавливает максимальное количество строк в сообщении. Любое сообщение, содержащее больше максимального количества, будет удалено, и пользователи получат одно предупреждение за каждую дополнительную строку.

>>maxmentions role <number | OFF>
Устанавливает максимальную уникальную упоминаемую роль, которую пользователь может отправить в одном сообщении. Любое сообщение, содержащее больше максимального количества, будет удалено, и пользователи получат одно предупреждение за каждое дополнительное упоминание.

>>antiduplicate <strike threshold> [delete threshold] [strikes]
Устанавливает значения для контроля и наказания повторяющихся сообщений. <strike threshold>определяет, когда в повторяющихся сообщениях начнут накапливаться предупреждения. После достижения порога предупреждения пользователи будут получать [strikes]предупреждения (по умолчанию 1) за каждый дополнительный отправленный дубликат. Любой дубликат, превышающий количество, [delete threshold]будет удален.

>>autodehoist <character | OFF>
Устанавливает символ таким образом, чтобы пользователи, устанавливающие свой псевдоним (или имя пользователя, если у них нет никнейма), были бы «лишены доступа» или перемещались ниже в списке участников. Это полезно для предотвращения того, чтобы люди использовали определенные псевдонимы, чтобы поставить себя выше в списке участников.

>>resolvelinks <ON | OFF>
Включает или отключает разрешающие ссылки (ссылки перенаправления) для пригласительных и реферальных ссылок. Эта функция доступна только в Vortex Pro .

>>autoraidmode <ON | OFF | joins/seconds>
Настраивает Vortex для автоматического включения режима Anti-Raid при обнаружении рейда. Эта настройка joins/secondsвключит режим Anti-Raid, если joinsв течение secondsнескольких секунд к серверу будут подключены хотя бы новые соединения . Установка этого значения ONиспользует 10 соединений за 10 секунд.

>>ignore <role | channel>
Устанавливает автоматический модератор так, чтобы он игнорировал всех пользователей с определенной ролью или все сообщения в определенном канале. Выполните эту команду без аргументов, чтобы отобразить текущий список игнорирования. См. « Игнорирование ролей и каналов» для получения дополнительной информации.

>>unignore <role | channel>
Удаляет роль или канал из списка игнорирования. См. « Игнорирование ролей и каналов» для получения дополнительной информации.

📜 Инструменты Команды
Эти команды предоставляют другие полезные инструменты для модерации и управления сервером.

>>announce <#channel> <rolename> | <message>
Пингует роль с объявлением в указанном канале. Если роль не упоминается, она сделает ее упоминаемой, чтобы отправить сообщение, а затем снова сделает ее не подлежащей упоминанию.
Примеры:

>>announce #updates UpdateRoleName | Hey guys this is an update
>>announce update_channel_name Role Name | This is an announcement!
>>announce #announcements Members | Hey members, check this out!!
>>audit <ALL | FROM | ACTION> [user or action]
Находит последние записи журнала аудита (все записи, записи от определенного пользователя или записи определенного типа действия) и отображает их в удобном для мобильных устройств формате.

>>dehoist [symbol]
Изменяет псевдоним любого пользователя, используя символ (например, !), чтобы поместить его имя в верхнюю часть списка участников. По умолчанию это приведет к отключению любого члена с именами, начинающимися с !.

>>inviteprune [max uses]
Удаляет все приглашения с использованием меньшего или равного указанному числу. По умолчанию это приведет к сокращению приглашений на 0 или 1 использование.

>>lookup <ID | invite>
Находит информацию о пользователе или гильдии по идентификатору (для любого из них) или инвайт-коду (только для гильдии). Вся информация, найденная таким образом, является информацией, которую Discord делает общедоступной, и на нее не влияет ни нахождение Vortex в гильдиях, ни наличие общих серверов с пользователем.